Arguments: 
  C:\Program Files\nodejs\node.exe C:\Program Files (x86)\Yarn\bin\yarn.js

PATH: 
  C:\Anaconda3;C:\Anaconda3\Library\mingw-w64\bin;C:\Anaconda3\Library\usr\bin;C:\Anaconda3\Library\bin;C:\Anaconda3\Scripts;C:\Anaconda3\bin;C:\Program Files\NVIDIA GPU Computing Toolkit\CUDA\v11.2\bin;C:\Program Files\NVIDIA GPU Computing Toolkit\CUDA\v11.2\libnvvp;C:\Program Files (x86)\Common Files\Oracle\Java\javapath;C:\Python38\Scripts;C:\Python38;C:\Python27;C:\Python27\Scripts;C:\WINDOWS\system32;C:\WINDOWS;C:\WINDOWS\System32\Wbem;C:\WINDOWS\System32\WindowsPowerShell\v1.0;C:\Program Files\Git\usr\bin\ssh.exe;C:\WINDOWS\System32\OpenSSH;C:\Program Files\dotnet;C:\Program Files\Microsoft SQL Server\130\Tools\Binn;C:\Program Files\Microsoft SQL Server\Client SDK\ODBC\170\Tools\Binn;C:\ProgramData\chocolatey\bin;C:\Program Files\Intel\WiFi\bin;C:\Program Files\Common Files\Intel\WirelessCommon;C:\Program Files (x86)\Intel\Intel(R) Management Engine Components\DAL;C:\Program Files\Intel\Intel(R) Management Engine Components\DAL;C:\Go\bin;C:\Program Files\PostgreSQL\12\bin;C:\Program Files\Java\jdk1.8.0_211\bin;C:\Program Files\nodejs;C:\Program Files\Git\cmd;C:\Program Files\k6;.;C:\Program Files\NVIDIA Corporation\Nsight Compute 2020.3.0;C:\Program Files (x86)\NVIDIA Corporation\PhysX\Common;C:\Program Files\Docker\Docker\resources\bin;C:\ProgramData\DockerDesktop\version-bin;C:\Program Files (x86)\Yarn\bin;C:\Program Files\CMake\bin;C:\Users\Dev\.cargo\bin;C:\Users\Dev\AppData\Local\Microsoft\WindowsApps;C:\Users\Dev\AppData\Local\Programs\Microsoft VS Code\bin;C:\Users\Dev\AppData\Local\GitHubDesktop\bin;C:\Users\Dev\AppData\Roaming\npm;C:\Users\Dev\Anaconda3\condabin;C:\Anaconda3\condabin;C:\Ruby26-x64\bin;C:\Ruby26-x64\bin\gem.cmd;C:\Users\Dev\flutter\bin;C:\Users\Dev\AppData\Roaming\Pub\Cache\bin;C:\Users\Dev\AppData\Local\Yarn\bin;C:\Users\Dev\Downloads\opencv\build\x64\vc15\bin;.

Yarn version: 
  1.22.5

Node version: 
  14.4.0

Platform: 
  win32 x64

Trace: 
  Error: EPERM: operation not permitted, unlink 'C:\Users\Dev\Desktop\face-it\server\node_modules\native-node-utils\src'

npm manifest: 
  {
      "name": "face-it",
      "version": "1.0.0",
      "main": "index.js",
      "license": "MIT",
      "devDependencies": {
          "@types/node": "^14.14.16",
          "nodemon": "^2.0.6",
          "prettier": "^2.2.1",
          "ts-node": "^9.1.1",
          "typescript": "^4.1.3"
      },
      "prettier": {
          "trailingComma": "es5",
          "tabWidth": 4,
          "semi": true,
          "singleQuote": true
      },
      "dependencies": {
          "@tensorflow/tfjs": "^1.7.0",
          "@tensorflow/tfjs-node": "^1.7.0",
          "@types/cors": "^2.8.9",
          "@types/express": "^4.17.9",
          "@types/mongodb": "^3.6.3",
          "@types/mongoose": "^5.10.3",
          "@types/multer": "^1.4.5",
          "cors": "^2.8.5",
          "express": "^4.17.1",
          "mongodb": "^3.6.3",
          "mongoose": "^5.11.8",
          "multer": "^1.4.2",
          "multer-gridfs-storage": "^4.2.0"
      },
      "scripts": {
          "dev": "nodemon --watch src/**/*.ts --exec ts-node src/index.ts",
          "format": "prettier --write src/**/*.{ts,tsx,scss,css,json}",
          "build": "tsc",
          "ml": "nodemon --watch src/ML/ML.ts --exec ts-node src/ML/ML.ts"
      }
  }

yarn manifest: 
  No manifest

Lockfile: 
  No lockfile
